2019-05-01 22:35:26,120 [Worker-1: Loading available Gradle versions] INFO  o.e.b.c.i.u.g.PublishedGradleVersions - Gradle version information cache is up-to-date. Trying to read.
2019-05-01 22:35:52,021 [Worker-3: Loading available Gradle versions] INFO  o.e.b.c.i.u.g.PublishedGradleVersions - Gradle version information cache is up-to-date. Trying to read.
2019-05-01 23:19:37,017 [Worker-3: Loading available Gradle versions] INFO  o.e.b.c.i.u.g.PublishedGradleVersions - Gradle version information cache is up-to-date. Trying to read.
2019-05-02 00:15:24,648 [Worker-1: Loading available Gradle versions] INFO  o.e.b.c.i.u.g.PublishedGradleVersions - Gradle version information cache is up-to-date. Trying to read.
2019-05-02 00:26:20,755 [Worker-1: Loading available Gradle versions] INFO  o.e.b.c.i.u.g.PublishedGradleVersions - Gradle version information cache is up-to-date. Trying to read.
2019-05-02 09:59:47,487 [Worker-0: Loading available Gradle versions] INFO  o.e.b.c.i.u.g.PublishedGradleVersions - Gradle version information cache is up-to-date. Trying to read.
2019-05-07 16:05:42,894 [Worker-1: Loading available Gradle versions] INFO  o.e.b.c.i.u.g.PublishedGradleVersions - Gradle version information cache is out-of-date. Trying to update.
2019-05-07 21:26:40,437 [Worker-2: Loading available Gradle versions] INFO  o.e.b.c.i.u.g.PublishedGradleVersions - Gradle version information cache is up-to-date. Trying to read.
2019-05-09 11:05:57,075 [Worker-19: Loading available Gradle versions] INFO  o.e.b.c.i.u.g.PublishedGradleVersions - Gradle version information cache is out-of-date. Trying to update.
2019-05-14 08:10:23,798 [Worker-0: Loading available Gradle versions] INFO  o.e.b.c.i.u.g.PublishedGradleVersions - Gradle version information cache is out-of-date. Trying to update.
2019-05-16 10:23:01,007 [Worker-7: Loading available Gradle versions] INFO  o.e.b.c.i.u.g.PublishedGradleVersions - Gradle version information cache is out-of-date. Trying to update.
2019-05-21 09:33:28,538 [Worker-2: Loading available Gradle versions] INFO  o.e.b.c.i.u.g.PublishedGradleVersions - Gradle version information cache is out-of-date. Trying to update.
2019-05-21 14:28:40,316 [Worker-0: Loading available Gradle versions] INFO  o.e.b.c.i.u.g.PublishedGradleVersions - Gradle version information cache is up-to-date. Trying to read.
2019-05-21 21:07:52,018 [Worker-2: Loading available Gradle versions] INFO  o.e.b.c.i.u.g.PublishedGradleVersions - Gradle version information cache is up-to-date. Trying to read.
2019-05-22 08:11:35,295 [Worker-0: Loading available Gradle versions] INFO  o.e.b.c.i.u.g.PublishedGradleVersions - Gradle version information cache is up-to-date. Trying to read.
2019-05-22 10:58:40,175 [Worker-8: Loading available Gradle versions] INFO  o.e.b.c.i.u.g.PublishedGradleVersions - Gradle version information cache is out-of-date. Trying to update.
2019-05-22 20:24:15,831 [Worker-4: Loading available Gradle versions] INFO  o.e.b.c.i.u.g.PublishedGradleVersions - Gradle version information cache is up-to-date. Trying to read.
2019-05-22 23:44:32,905 [Worker-5: Loading available Gradle versions] INFO  o.e.b.c.i.u.g.PublishedGradleVersions - Gradle version information cache is up-to-date. Trying to read.
2019-06-05 14:02:52,456 [Worker-1: Loading available Gradle versions] INFO  o.e.b.c.i.u.g.PublishedGradleVersions - Gradle version information cache is out-of-date. Trying to update.
2019-06-15 15:50:02,284 [Worker-13: Loading available Gradle versions] INFO  o.e.b.c.i.u.g.PublishedGradleVersions - Gradle version information cache is out-of-date. Trying to update.
2019-06-17 21:56:57,607 [Worker-4: Loading available Gradle versions] INFO  o.e.b.c.i.u.g.PublishedGradleVersions - Gradle version information cache is out-of-date. Trying to update.
2019-06-21 13:54:40,893 [Worker-0: Loading available Gradle versions] INFO  o.e.b.c.i.u.g.PublishedGradleVersions - Gradle version information cache is out-of-date. Trying to update.
2019-06-21 13:56:42,149 [Worker-11: Building workspace] INFO  o.e.m.c.i.l.LifecycleMappingFactory - Using org.eclipse.m2e.jdt.JarLifecycleMapping lifecycle mapping for MavenProject: com.aplicativo:Aplicativo:0.0.1-SNAPSHOT @ /home/witor_mao/Documentos/poo/projeto/AplicativoLEVE/pom.xml.
2019-06-21 13:56:45,708 [Worker-11: Building workspace] INFO  o.e.m.c.i.embedder.EclipseLogger - Using 'UTF-8' encoding to copy filtered resources.
2019-06-21 13:56:45,716 [Worker-11: Building workspace] INFO  o.e.m.c.i.embedder.EclipseLogger - Copying 1 resource
2019-06-21 13:56:45,741 [Worker-11: Building workspace] INFO  o.e.m.c.i.embedder.EclipseLogger - Copying 150 resources
2019-06-21 13:56:45,806 [Worker-11: Building workspace] INFO  o.e.m.c.i.embedder.EclipseLogger - Using 'UTF-8' encoding to copy filtered resources.
2019-06-21 13:56:45,807 [Worker-11: Building workspace] INFO  o.e.m.c.i.embedder.EclipseLogger - skip non existing resourceDirectory /home/witor_mao/Documentos/poo/projeto/AplicativoLEVE/src/test/resources
2019-06-21 13:56:46,891 [Worker-5: Updating Maven Dependencies] INFO  o.e.m.c.i.l.LifecycleMappingFactory - Using org.eclipse.m2e.jdt.JarLifecycleMapping lifecycle mapping for MavenProject: com.aplicativo:Aplicativo:0.0.1-SNAPSHOT @ /home/witor_mao/Documentos/poo/projeto/AplicativoLEVE/pom.xml.
2019-06-21 13:56:49,259 [Worker-11: Building workspace] INFO  o.e.m.c.i.embedder.EclipseLogger - Using 'UTF-8' encoding to copy filtered resources.
2019-06-21 13:56:49,269 [Worker-11: Building workspace] INFO  o.e.m.c.i.embedder.EclipseLogger - Copying 1 resource
2019-06-21 13:56:49,287 [Worker-11: Building workspace] INFO  o.e.m.c.i.embedder.EclipseLogger - Copying 150 resources
2019-06-21 13:56:49,418 [Worker-11: Building workspace] INFO  o.e.m.c.i.embedder.EclipseLogger - Using 'UTF-8' encoding to copy filtered resources.
2019-06-21 13:56:49,419 [Worker-11: Building workspace] INFO  o.e.m.c.i.embedder.EclipseLogger - skip non existing resourceDirectory /home/witor_mao/Documentos/poo/projeto/AplicativoLEVE/src/test/resources
2019-06-21 14:43:25,884 [Worker-0: Loading available Gradle versions] INFO  o.e.b.c.i.u.g.PublishedGradleVersions - Gradle version information cache is up-to-date. Trying to read.
2019-06-21 17:51:58,547 [Worker-80: Building workspace] INFO  o.e.m.c.i.embedder.EclipseLogger - Using 'UTF-8' encoding to copy filtered resources.
2019-06-21 17:51:58,556 [Worker-80: Building workspace] INFO  o.e.m.c.i.embedder.EclipseLogger - Copying 1 resource
2019-06-21 17:51:58,576 [Worker-80: Building workspace] INFO  o.e.m.c.i.embedder.EclipseLogger - Copying 150 resources
2019-06-21 17:51:58,720 [Worker-80: Building workspace] INFO  o.e.m.c.i.embedder.EclipseLogger - Using 'UTF-8' encoding to copy filtered resources.
2019-06-21 17:51:58,720 [Worker-80: Building workspace] INFO  o.e.m.c.i.embedder.EclipseLogger - skip non existing resourceDirectory /home/witor_mao/Documentos/poo/projeto/AplicativoLEVE/src/test/resources
2019-06-21 17:53:07,946 [Worker-90: Building workspace] INFO  o.e.m.c.i.embedder.EclipseLogger - Using 'UTF-8' encoding to copy filtered resources.
2019-06-21 17:53:07,952 [Worker-90: Building workspace] INFO  o.e.m.c.i.embedder.EclipseLogger - Copying 1 resource
2019-06-21 17:53:07,958 [Worker-90: Building workspace] INFO  o.e.m.c.i.embedder.EclipseLogger - Copying 150 resources
2019-06-21 17:53:07,963 [Worker-90: Building workspace] INFO  o.e.m.c.i.embedder.EclipseLogger - Using 'UTF-8' encoding to copy filtered resources.
2019-06-21 17:53:07,964 [Worker-90: Building workspace] INFO  o.e.m.c.i.embedder.EclipseLogger - skip non existing resourceDirectory /home/witor_mao/Documentos/poo/projeto/AplicativoLEVE/src/test/resources
2019-06-21 17:53:30,032 [Worker-73: Building workspace] INFO  o.e.m.c.i.embedder.EclipseLogger - Using 'UTF-8' encoding to copy filtered resources.
2019-06-21 17:53:30,039 [Worker-73: Building workspace] INFO  o.e.m.c.i.embedder.EclipseLogger - Copying 1 resource
2019-06-21 17:53:30,045 [Worker-73: Building workspace] INFO  o.e.m.c.i.embedder.EclipseLogger - Copying 150 resources
2019-06-21 17:53:30,055 [Worker-73: Building workspace] INFO  o.e.m.c.i.embedder.EclipseLogger - Using 'UTF-8' encoding to copy filtered resources.
2019-06-21 17:53:30,055 [Worker-73: Building workspace] INFO  o.e.m.c.i.embedder.EclipseLogger - skip non existing resourceDirectory /home/witor_mao/Documentos/poo/projeto/AplicativoLEVE/src/test/resources
2019-06-21 17:53:33,388 [Worker-64: Building workspace] INFO  o.e.m.c.i.embedder.EclipseLogger - Using 'UTF-8' encoding to copy filtered resources.
2019-06-21 17:53:33,391 [Worker-64: Building workspace] INFO  o.e.m.c.i.embedder.EclipseLogger - Copying 1 resource
2019-06-21 17:53:33,395 [Worker-64: Building workspace] INFO  o.e.m.c.i.embedder.EclipseLogger - Copying 150 resources
2019-06-21 17:53:33,407 [Worker-64: Building workspace] INFO  o.e.m.c.i.embedder.EclipseLogger - Using 'UTF-8' encoding to copy filtered resources.
2019-06-21 17:53:33,407 [Worker-64: Building workspace] INFO  o.e.m.c.i.embedder.EclipseLogger - skip non existing resourceDirectory /home/witor_mao/Documentos/poo/projeto/AplicativoLEVE/src/test/resources
2019-06-21 17:54:32,984 [Worker-74: Building workspace] INFO  o.e.m.c.i.embedder.EclipseLogger - Using 'UTF-8' encoding to copy filtered resources.
2019-06-21 17:54:32,987 [Worker-74: Building workspace] INFO  o.e.m.c.i.embedder.EclipseLogger - Copying 1 resource
2019-06-21 17:54:32,991 [Worker-74: Building workspace] INFO  o.e.m.c.i.embedder.EclipseLogger - Copying 150 resources
2019-06-21 17:54:32,998 [Worker-74: Building workspace] INFO  o.e.m.c.i.embedder.EclipseLogger - Using 'UTF-8' encoding to copy filtered resources.
2019-06-21 17:54:32,999 [Worker-74: Building workspace] INFO  o.e.m.c.i.embedder.EclipseLogger - skip non existing resourceDirectory /home/witor_mao/Documentos/poo/projeto/AplicativoLEVE/src/test/resources
2019-06-21 17:54:44,645 [Worker-85: Building workspace] INFO  o.e.m.c.i.embedder.EclipseLogger - Using 'UTF-8' encoding to copy filtered resources.
2019-06-21 17:54:44,650 [Worker-85: Building workspace] INFO  o.e.m.c.i.embedder.EclipseLogger - Copying 1 resource
2019-06-21 17:54:44,654 [Worker-85: Building workspace] INFO  o.e.m.c.i.embedder.EclipseLogger - Copying 150 resources
2019-06-21 17:54:44,658 [Worker-85: Building workspace] INFO  o.e.m.c.i.embedder.EclipseLogger - Using 'UTF-8' encoding to copy filtered resources.
2019-06-21 17:54:44,658 [Worker-85: Building workspace] INFO  o.e.m.c.i.embedder.EclipseLogger - skip non existing resourceDirectory /home/witor_mao/Documentos/poo/projeto/AplicativoLEVE/src/test/resources
2019-06-21 17:54:58,652 [Worker-80: Building workspace] INFO  o.e.m.c.i.embedder.EclipseLogger - Using 'UTF-8' encoding to copy filtered resources.
2019-06-21 17:54:58,665 [Worker-80: Building workspace] INFO  o.e.m.c.i.embedder.EclipseLogger - Copying 1 resource
2019-06-21 17:54:58,673 [Worker-80: Building workspace] INFO  o.e.m.c.i.embedder.EclipseLogger - Copying 150 resources
2019-06-21 17:54:58,680 [Worker-80: Building workspace] INFO  o.e.m.c.i.embedder.EclipseLogger - Using 'UTF-8' encoding to copy filtered resources.
2019-06-21 17:54:58,680 [Worker-80: Building workspace] INFO  o.e.m.c.i.embedder.EclipseLogger - skip non existing resourceDirectory /home/witor_mao/Documentos/poo/projeto/AplicativoLEVE/src/test/resources
2019-06-21 17:55:36,210 [Worker-69: Building workspace] INFO  o.e.m.c.i.embedder.EclipseLogger - Using 'UTF-8' encoding to copy filtered resources.
2019-06-21 17:55:36,213 [Worker-69: Building workspace] INFO  o.e.m.c.i.embedder.EclipseLogger - Copying 1 resource
2019-06-21 17:55:36,218 [Worker-69: Building workspace] INFO  o.e.m.c.i.embedder.EclipseLogger - Copying 150 resources
2019-06-21 17:55:36,223 [Worker-69: Building workspace] INFO  o.e.m.c.i.embedder.EclipseLogger - Using 'UTF-8' encoding to copy filtered resources.
2019-06-21 17:55:36,223 [Worker-69: Building workspace] INFO  o.e.m.c.i.embedder.EclipseLogger - skip non existing resourceDirectory /home/witor_mao/Documentos/poo/projeto/AplicativoLEVE/src/test/resources
2019-06-21 17:56:57,801 [Worker-79: Building workspace] INFO  o.e.m.c.i.embedder.EclipseLogger - Using 'UTF-8' encoding to copy filtered resources.
2019-06-21 17:56:57,810 [Worker-79: Building workspace] INFO  o.e.m.c.i.embedder.EclipseLogger - Copying 1 resource
2019-06-21 17:56:57,814 [Worker-79: Building workspace] INFO  o.e.m.c.i.embedder.EclipseLogger - Copying 150 resources
2019-06-21 17:56:57,818 [Worker-79: Building workspace] INFO  o.e.m.c.i.embedder.EclipseLogger - Using 'UTF-8' encoding to copy filtered resources.
2019-06-21 17:56:57,819 [Worker-79: Building workspace] INFO  o.e.m.c.i.embedder.EclipseLogger - skip non existing resourceDirectory /home/witor_mao/Documentos/poo/projeto/AplicativoLEVE/src/test/resources
2019-06-21 18:09:25,021 [Worker-110: Building workspace] INFO  o.e.m.c.i.embedder.EclipseLogger - Using 'UTF-8' encoding to copy filtered resources.
2019-06-21 18:09:25,064 [Worker-110: Building workspace] INFO  o.e.m.c.i.embedder.EclipseLogger - Copying 1 resource
2019-06-21 18:09:25,067 [Worker-110: Building workspace] INFO  o.e.m.c.i.embedder.EclipseLogger - Copying 0 resource
2019-06-21 18:09:25,073 [Worker-110: Building workspace] INFO  o.e.m.c.i.embedder.EclipseLogger - Using 'UTF-8' encoding to copy filtered resources.
2019-06-21 18:09:25,074 [Worker-110: Building workspace] INFO  o.e.m.c.i.embedder.EclipseLogger - skip non existing resourceDirectory /home/witor_mao/Documentos/poo/projeto/AplicativoLEVE/src/test/resources
2019-06-21 18:10:04,749 [Worker-100: Building workspace] INFO  o.e.m.c.i.l.LifecycleMappingFactory - Using org.eclipse.m2e.jdt.JarLifecycleMapping lifecycle mapping for MavenProject: com.aplicativo:Aplicativo:0.0.1-SNAPSHOT @ /home/witor_mao/Documentos/poo/projeto/AplicativoLEVE/pom.xml.
2019-06-21 18:10:05,464 [Worker-100: Building workspace] INFO  o.e.m.c.i.embedder.EclipseLogger - Using 'UTF-8' encoding to copy filtered resources.
2019-06-21 18:10:05,467 [Worker-100: Building workspace] INFO  o.e.m.c.i.embedder.EclipseLogger - Copying 0 resource
2019-06-21 18:10:05,467 [Worker-100: Building workspace] INFO  o.e.m.c.i.embedder.EclipseLogger - Copying 0 resource
2019-06-21 18:10:05,483 [Worker-100: Building workspace] INFO  o.e.m.c.i.embedder.EclipseLogger - Using 'UTF-8' encoding to copy filtered resources.
2019-06-21 18:10:05,483 [Worker-100: Building workspace] INFO  o.e.m.c.i.embedder.EclipseLogger - skip non existing resourceDirectory /home/witor_mao/Documentos/poo/projeto/AplicativoLEVE/src/test/resources
2019-06-21 18:10:14,257 [Worker-107: Building workspace] INFO  o.e.m.c.i.l.LifecycleMappingFactory - Using org.eclipse.m2e.jdt.JarLifecycleMapping lifecycle mapping for MavenProject: com.aplicativo:Aplicativo:0.0.1-SNAPSHOT @ /home/witor_mao/Documentos/poo/projeto/AplicativoLEVE/pom.xml.
2019-06-21 18:10:15,635 [Worker-107: Building workspace] INFO  o.e.m.c.i.embedder.EclipseLogger - Using 'UTF-8' encoding to copy filtered resources.
2019-06-21 18:10:15,638 [Worker-107: Building workspace] INFO  o.e.m.c.i.embedder.EclipseLogger - Copying 0 resource
2019-06-21 18:10:15,638 [Worker-107: Building workspace] INFO  o.e.m.c.i.embedder.EclipseLogger - Copying 0 resource
2019-06-21 18:10:15,641 [Worker-107: Building workspace] INFO  o.e.m.c.i.embedder.EclipseLogger - Using 'UTF-8' encoding to copy filtered resources.
2019-06-21 18:10:15,641 [Worker-107: Building workspace] INFO  o.e.m.c.i.embedder.EclipseLogger - skip non existing resourceDirectory /home/witor_mao/Documentos/poo/projeto/AplicativoLEVE/src/test/resources
2019-06-21 21:56:42,371 [Worker-141: Building workspace] INFO  o.e.m.c.i.embedder.EclipseLogger - Using 'UTF-8' encoding to copy filtered resources.
2019-06-21 21:56:42,374 [Worker-141: Building workspace] INFO  o.e.m.c.i.embedder.EclipseLogger - Copying 0 resource
2019-06-21 21:56:42,375 [Worker-141: Building workspace] INFO  o.e.m.c.i.embedder.EclipseLogger - Copying 0 resource
2019-06-21 21:56:42,378 [Worker-141: Building workspace] INFO  o.e.m.c.i.embedder.EclipseLogger - Using 'UTF-8' encoding to copy filtered resources.
2019-06-21 21:56:42,378 [Worker-141: Building workspace] INFO  o.e.m.c.i.embedder.EclipseLogger - skip non existing resourceDirectory /home/witor_mao/Documentos/poo/projeto/AplicativoLEVE/src/test/resources
2019-06-22 00:50:45,670 [Worker-0: Loading available Gradle versions] INFO  o.e.b.c.i.u.g.PublishedGradleVersions - Gradle version information cache is up-to-date. Trying to read.
2019-06-24 12:07:54,921 [Worker-1: Loading available Gradle versions] INFO  o.e.b.c.i.u.g.PublishedGradleVersions - Gradle version information cache is out-of-date. Trying to update.
2019-06-26 16:31:11,312 [Worker-6: Loading available Gradle versions] INFO  o.e.b.c.i.u.g.PublishedGradleVersions - Gradle version information cache is out-of-date. Trying to update.
